<?xml version="1.0" encoding="UTF-8"?>
<testng-results ignored="0" total="1" passed="1" failed="0" skipped="0">
  <reporter-output>
  </reporter-output>
  <suite started-at="2023-09-13T23:21:47 IST" name="Default suite" finished-at="2023-09-13T23:21:54 IST" duration-ms="6965">
    <groups>
    </groups>
    <test started-at="2023-09-13T23:21:47 IST" name="Default test" finished-at="2023-09-13T23:21:54 IST" duration-ms="6965">
      <class name="tests.LogIn">
        <test-method is-config="true" signature="initializeDriver()[pri:0, instance:tests.LogIn@7d0b7e3c]" started-at="2023-09-13T23:21:47 IST" name="initializeDriver" finished-at="2023-09-13T23:21:50 IST" duration-ms="2765" status="PASS">
          <reporter-output>
          </reporter-output>
        </test-method> <!-- initializeDriver -->
        <test-method signature="login()[pri:0, instance:tests.LogIn@7d0b7e3c]" started-at="2023-09-13T23:21:50 IST" name="login" finished-at="2023-09-13T23:21:53 IST" duration-ms="3720" status="PASS">
          <reporter-output>
          </reporter-output>
        </test-method> <!-- login -->
        <test-method is-config="true" signature="closure()[pri:0, instance:tests.LogIn@7d0b7e3c]" started-at="2023-09-13T23:21:53 IST" name="closure" finished-at="2023-09-13T23:21:54 IST" duration-ms="447" status="PASS">
          <reporter-output>
          </reporter-output>
        </test-method> <!-- closure -->
      </class> <!-- tests.LogIn -->
    </test> <!-- Default test -->
  </suite> <!-- Default suite -->
</testng-results>
